[2025-08-24 11:35:30] Manual Backup: C:/Users/Dell/Pictures/Screenshots/2025-08-17 11 12 06.png
[2025-08-24 11:35:48] Manual Backup: C:/Users/Dell/Pictures/Screenshots/Screenshot (2).png
[2025-08-24 11:42:41] Manual Backup: C:/Users/Dell/Pictures/cybersecurity-abstract-image.png
[2025-08-24 11:45:06] Manual Backup: C:/Users/Dell/Pictures/cybersecurity-abstract-image.png
[2025-08-24 12:45:55] Manual Backup: C:/Users/Dell/Pictures/New folder\elti-meshau-moK7ZiiquG8-unsplash.jpg
[2025-08-24 12:46:00] Manual Backup: C:/Users/Dell/Pictures/New folder\matt-antonioli---b01C5Tqtc-unsplash.jpg
[2025-08-24 12:46:10] Manual Backup: C:/Users/Dell/Pictures/New folder\pexels-clive-kim-2523249-6307488.jpg
[2025-08-24 12:57:02] Manual Backup: C:/Users/Dell/Pictures/Saved Pictures\1371405.jpeg
[2025-08-24 12:57:04] Manual Backup: C:/Users/Dell/Pictures/Saved Pictures\desktop.ini
[2025-08-24 12:57:07] Manual Backup: C:/Users/Dell/Pictures/Saved Pictures\elti-meshau-moK7ZiiquG8-unsplash.jpg
[2025-08-24 12:57:10] Manual Backup: C:/Users/Dell/Pictures/Saved Pictures\matt-antonioli---b01C5Tqtc-unsplash.jpg
[2025-08-24 12:57:12] Manual Backup: C:/Users/Dell/Pictures/Saved Pictures\NnOMW2.jpg
[2025-08-24 12:57:16] Manual Backup: C:/Users/Dell/Pictures/Saved Pictures\pexels-clive-kim-2523249-6307488.jpg
[2025-08-24 12:57:19] Manual Backup: C:/Users/Dell/Pictures/Saved Pictures\pexels-dzeninalukac-754263.jpg
[2025-08-24 12:57:22] Manual Backup: C:/Users/Dell/Pictures/Saved Pictures\pexels-eberhardgross-1612351.jpg
[2025-08-24 12:57:26] Manual Backup: C:/Users/Dell/Pictures/Saved Pictures\pexels-flickr-145939.jpg
[2025-08-24 12:57:29] Manual Backup: C:/Users/Dell/Pictures/Saved Pictures\pexels-george-desipris-1028637.jpg
[2025-08-24 12:57:33] Manual Backup: C:/Users/Dell/Pictures/Saved Pictures\pexels-leofallflat-1567069.jpg
[2025-08-24 12:57:35] Manual Backup: C:/Users/Dell/Pictures/Saved Pictures\pexels-natali-railean-1141163-2232180.jpg
[2025-08-24 12:57:39] Manual Backup: C:/Users/Dell/Pictures/Saved Pictures\pexels-njeromin-10753976.jpg
[2025-08-24 12:57:42] Manual Backup: C:/Users/Dell/Pictures/Saved Pictures\pexels-photo-1192327.webp
[2025-08-24 12:57:44] Manual Backup: C:/Users/Dell/Pictures/Saved Pictures\pexels-photo-813269.jpeg
[2025-08-24 12:57:48] Manual Backup: C:/Users/Dell/Pictures/Saved Pictures\pexels-pixabay-276514.jpg
[2025-08-24 12:57:51] Manual Backup: C:/Users/Dell/Pictures/Saved Pictures\pexels-pixabay-326055.jpg
[2025-08-24 12:57:54] Manual Backup: C:/Users/Dell/Pictures/Saved Pictures\pexels-pixabay-414144.jpg
[2025-08-24 12:57:57] Manual Backup: C:/Users/Dell/Pictures/Saved Pictures\pexels-sebastiaan9977-1097456.jpg
[2025-08-24 12:58:00] Manual Backup: C:/Users/Dell/Pictures/Saved Pictures\pexels-sebastiaan9977-1480690.jpg
[2025-08-24 12:58:05] Manual Backup: C:/Users/Dell/Pictures/Saved Pictures\pexels-stefanstefancik-91216.jpg
[2025-08-24 12:58:08] Manual Backup: C:/Users/Dell/Pictures/Saved Pictures\saradasish-pradhan-KJ1TPFAFyl4-unsplash.jpg
[2025-08-24 12:58:13] Manual Backup: C:/Users/Dell/Pictures/Saved Pictures\sebastian-svenson-d2w-_1LJioQ-unsplash.jpg
[2025-08-24 12:58:16] Manual Backup: C:/Users/Dell/Pictures/Saved Pictures\wallpaperflare.com_wallpaper (1).jpg
[2025-08-24 12:58:18] Manual Backup: C:/Users/Dell/Pictures/Saved Pictures\wallpaperflare.com_wallpaper.jpg
[2025-08-24 12:58:21] Manual Backup: C:/Users/Dell/Pictures/Saved Pictures\wp4938568.jpg
[2025-08-24 13:11:30] Manual Backup: C:/Users/Dell/Pictures/Saved Pictures\1371405.jpeg
[2025-08-24 13:11:32] Manual Backup: C:/Users/Dell/Pictures/Saved Pictures\desktop.ini
[2025-08-24 13:11:35] Manual Backup: C:/Users/Dell/Pictures/Saved Pictures\elti-meshau-moK7ZiiquG8-unsplash.jpg
[2025-08-24 13:11:37] Manual Backup: C:/Users/Dell/Pictures/Saved Pictures\logo.png
[2025-08-24 13:11:40] Manual Backup: C:/Users/Dell/Pictures/Saved Pictures\matt-antonioli---b01C5Tqtc-unsplash.jpg
[2025-08-24 13:11:43] Manual Backup: C:/Users/Dell/Pictures/Saved Pictures\NnOMW2.jpg
[2025-08-24 13:11:47] Manual Backup: C:/Users/Dell/Pictures/Saved Pictures\pexels-clive-kim-2523249-6307488.jpg
[2025-08-24 13:11:50] Manual Backup: C:/Users/Dell/Pictures/Saved Pictures\pexels-dzeninalukac-754263.jpg
[2025-08-24 13:11:54] Manual Backup: C:/Users/Dell/Pictures/Saved Pictures\pexels-eberhardgross-1612351.jpg
[2025-08-24 13:11:58] Manual Backup: C:/Users/Dell/Pictures/Saved Pictures\pexels-flickr-145939.jpg
[2025-08-24 13:12:01] Manual Backup: C:/Users/Dell/Pictures/Saved Pictures\pexels-george-desipris-1028637.jpg
[2025-08-24 13:12:05] Manual Backup: C:/Users/Dell/Pictures/Saved Pictures\pexels-leofallflat-1567069.jpg
[2025-08-24 13:12:08] Manual Backup: C:/Users/Dell/Pictures/Saved Pictures\pexels-natali-railean-1141163-2232180.jpg
[2025-08-24 13:12:12] Manual Backup: C:/Users/Dell/Pictures/Saved Pictures\pexels-njeromin-10753976.jpg
[2025-08-24 13:12:15] Manual Backup: C:/Users/Dell/Pictures/Saved Pictures\pexels-photo-1192327.webp
[2025-08-24 13:12:18] Manual Backup: C:/Users/Dell/Pictures/Saved Pictures\pexels-photo-813269.jpeg
[2025-08-24 13:12:22] Manual Backup: C:/Users/Dell/Pictures/Saved Pictures\pexels-pixabay-276514.jpg
[2025-08-24 13:12:24] Manual Backup: C:/Users/Dell/Pictures/Saved Pictures\pexels-pixabay-326055.jpg
[2025-08-24 13:12:28] Manual Backup: C:/Users/Dell/Pictures/Saved Pictures\pexels-pixabay-414144.jpg
[2025-08-24 13:12:31] Manual Backup: C:/Users/Dell/Pictures/Saved Pictures\pexels-sebastiaan9977-1097456.jpg
[2025-08-24 13:12:34] Manual Backup: C:/Users/Dell/Pictures/Saved Pictures\pexels-sebastiaan9977-1480690.jpg
[2025-08-24 13:12:38] Manual Backup: C:/Users/Dell/Pictures/Saved Pictures\pexels-stefanstefancik-91216.jpg
[2025-08-24 13:12:41] Manual Backup: C:/Users/Dell/Pictures/Saved Pictures\saradasish-pradhan-KJ1TPFAFyl4-unsplash.jpg
[2025-08-24 13:12:46] Manual Backup: C:/Users/Dell/Pictures/Saved Pictures\sebastian-svenson-d2w-_1LJioQ-unsplash.jpg
[2025-08-24 13:12:49] Manual Backup: C:/Users/Dell/Pictures/Saved Pictures\wallpaperflare.com_wallpaper (1).jpg
[2025-08-24 13:12:52] Manual Backup: C:/Users/Dell/Pictures/Saved Pictures\wallpaperflare.com_wallpaper.jpg
[2025-08-24 13:12:55] Manual Backup: C:/Users/Dell/Pictures/Saved Pictures\wp4938568.jpg
[2025-08-24 13:12:56] Startup Enabled: Realtime backup will run on Windows startup.
[2025-08-24 13:13:00] Realtime Backup: Monitoring 1 folder(s) for new/modified files...
[2025-08-24 13:13:55] File Backup: Uploaded: 2025-08-17 11 12 06.png
[2025-08-24 13:15:13] File Backup: Uploaded: logo.png
[2025-08-24 13:17:00] File Backup: Uploaded: Screenshot (14).png
[2025-08-24 13:17:05] File Backup: Uploaded: Screenshot (13).png
[2025-08-24 13:17:03] File Backup: Uploaded: Screenshot (12).png
[2025-08-24 13:51:24] Manual Backup: C:/Users/Dell/Pictures/Saved Pictures\1371405.jpeg
[2025-08-24 13:51:26] Manual Backup: C:/Users/Dell/Pictures/Saved Pictures\2025-08-17 11 12 06.png
[2025-08-24 13:51:28] Manual Backup: C:/Users/Dell/Pictures/Saved Pictures\desktop.ini
[2025-08-24 13:51:32] Manual Backup: C:/Users/Dell/Pictures/Saved Pictures\elti-meshau-moK7ZiiquG8-unsplash.jpg
[2025-08-24 13:51:34] Manual Backup: C:/Users/Dell/Pictures/Saved Pictures\logo.png
[2025-08-24 13:51:37] Manual Backup: C:/Users/Dell/Pictures/Saved Pictures\matt-antonioli---b01C5Tqtc-unsplash.jpg
[2025-08-24 13:51:39] Manual Backup: C:/Users/Dell/Pictures/Saved Pictures\NnOMW2.jpg
[2025-08-24 13:51:43] Manual Backup: C:/Users/Dell/Pictures/Saved Pictures\pexels-clive-kim-2523249-6307488.jpg
[2025-08-24 13:51:46] Manual Backup: C:/Users/Dell/Pictures/Saved Pictures\pexels-dzeninalukac-754263.jpg
[2025-08-24 13:51:50] Manual Backup: C:/Users/Dell/Pictures/Saved Pictures\pexels-eberhardgross-1612351.jpg
[2025-08-24 13:51:54] Manual Backup: C:/Users/Dell/Pictures/Saved Pictures\pexels-flickr-145939.jpg
[2025-08-24 13:51:56] Manual Backup: C:/Users/Dell/Pictures/Saved Pictures\pexels-george-desipris-1028637.jpg
[2025-08-24 13:52:00] Manual Backup: C:/Users/Dell/Pictures/Saved Pictures\pexels-leofallflat-1567069.jpg
[2025-08-24 13:52:03] Manual Backup: C:/Users/Dell/Pictures/Saved Pictures\pexels-natali-railean-1141163-2232180.jpg
[2025-08-24 13:52:07] Manual Backup: C:/Users/Dell/Pictures/Saved Pictures\pexels-njeromin-10753976.jpg
[2025-08-24 13:52:09] Manual Backup: C:/Users/Dell/Pictures/Saved Pictures\pexels-photo-1192327.webp
[2025-08-24 13:52:12] Manual Backup: C:/Users/Dell/Pictures/Saved Pictures\pexels-photo-813269.jpeg
[2025-08-24 13:52:16] Manual Backup: C:/Users/Dell/Pictures/Saved Pictures\pexels-pixabay-276514.jpg
[2025-08-24 13:52:18] Manual Backup: C:/Users/Dell/Pictures/Saved Pictures\pexels-pixabay-326055.jpg
[2025-08-24 13:52:21] Manual Backup: C:/Users/Dell/Pictures/Saved Pictures\pexels-pixabay-414144.jpg
[2025-08-24 13:52:23] Manual Backup: C:/Users/Dell/Pictures/Saved Pictures\pexels-sebastiaan9977-1097456.jpg
[2025-08-24 13:52:26] Manual Backup: C:/Users/Dell/Pictures/Saved Pictures\pexels-sebastiaan9977-1480690.jpg
[2025-08-24 13:52:31] Manual Backup: C:/Users/Dell/Pictures/Saved Pictures\pexels-stefanstefancik-91216.jpg
[2025-08-24 13:52:34] Manual Backup: C:/Users/Dell/Pictures/Saved Pictures\saradasish-pradhan-KJ1TPFAFyl4-unsplash.jpg
[2025-08-24 13:52:37] Manual Backup: C:/Users/Dell/Pictures/Saved Pictures\Screenshot (12).png
[2025-08-24 13:52:40] Manual Backup: C:/Users/Dell/Pictures/Saved Pictures\Screenshot (13).png
[2025-08-24 13:52:43] Manual Backup: C:/Users/Dell/Pictures/Saved Pictures\Screenshot (14).png
[2025-08-24 13:52:48] Manual Backup: C:/Users/Dell/Pictures/Saved Pictures\sebastian-svenson-d2w-_1LJioQ-unsplash.jpg
[2025-08-24 13:52:50] Manual Backup: C:/Users/Dell/Pictures/Saved Pictures\wallpaperflare.com_wallpaper (1).jpg
[2025-08-24 13:52:53] Manual Backup: C:/Users/Dell/Pictures/Saved Pictures\wallpaperflare.com_wallpaper.jpg
[2025-08-24 13:52:55] Manual Backup: C:/Users/Dell/Pictures/Saved Pictures\wp4938568.jpg
[2025-08-24 13:52:56] Startup Enabled: Realtime backup will run on Windows startup.
[2025-08-24 13:53:03] Realtime Backup: Monitoring 1 folder(s) for new/modified files...
[2025-08-24 13:51:09] File Backup: Uploaded: desktop.ini
[2025-08-24 13:53:51] File Backup: Uploaded: cybersecurity-abstract-image.png
[2025-08-24 13:53:46] File Backup: Uploaded: 5940726_3038741-1.jpg
[2025-08-24 13:53:46] File Backup: Uploaded: 5940726_3038741-1.jpg
[2025-08-24 13:53:52] File Backup: Uploaded: cybersecurity-abstract-image.png
[2025-08-24 13:57:52] Manual Backup: C:/Users/Dell/Desktop/xyz\5940726_3038741-1.jpg
[2025-08-24 13:57:58] Manual Backup: C:/Users/Dell/Desktop/xyz\cybersecurity-abstract-image.png
[2025-08-24 13:57:59] Manual Backup: C:/Users/Dell/Desktop/xyz\logo.png
[2025-08-24 13:58:00] Startup Enabled: Realtime backup will run on Windows startup.
[2025-08-24 13:58:02] Realtime Backup: Monitoring 1 folder(s) for new/modified files...
[2025-08-24 14:10:03] Manual Backup: C:/Users/Dell/Desktop/xyz\5940726_3038741-1.jpg
[2025-08-24 14:10:08] Manual Backup: C:/Users/Dell/Desktop/xyz\cybersecurity-abstract-image.png
[2025-08-24 14:10:10] Manual Backup: C:/Users/Dell/Desktop/xyz\logo.png
[2025-08-24 14:10:13] Manual Backup: C:/Users/Dell/Desktop/xyz\Screenshot (54).png
[2025-08-24 14:10:15] Manual Backup: C:/Users/Dell/Desktop/xyz\Screenshot (55).png
[2025-08-24 14:10:15] Startup Enabled: Realtime backup will run on Windows startup.
[2025-08-24 14:10:17] Realtime Backup: Monitoring 1 folder(s) for new/modified files...
[2025-08-24 14:16:44] Manual Backup: C:/Users/Dell/Desktop/xyz\5940726_3038741-1.jpg
[2025-08-24 14:16:49] Manual Backup: C:/Users/Dell/Desktop/xyz\cybersecurity-abstract-image.png
[2025-08-24 14:16:50] Manual Backup: C:/Users/Dell/Desktop/xyz\logo.png
[2025-08-24 14:16:53] Manual Backup: C:/Users/Dell/Desktop/xyz\Screenshot (6).png
[2025-08-24 14:16:55] Manual Backup: C:/Users/Dell/Desktop/xyz\Screenshot (7).png
[2025-08-24 14:16:56] Startup Enabled: Realtime backup will run on Windows startup.
[2025-08-24 14:16:57] Realtime Backup: Monitoring 1 folder(s) for new/modified files...
[2025-08-24 14:32:10] Manual Backup: C:/Users/Dell/Desktop/xyz\5940726_3038741-1.jpg
[2025-08-24 14:32:15] Manual Backup: C:/Users/Dell/Desktop/xyz\cybersecurity-abstract-image.png
[2025-08-24 14:32:18] Manual Backup: C:/Users/Dell/Desktop/xyz\logo.png
[2025-08-24 14:32:20] Manual Backup: C:/Users/Dell/Desktop/xyz\Screenshot (1).png
[2025-08-24 14:32:23] Manual Backup: C:/Users/Dell/Desktop/xyz\Screenshot (129).png
[2025-08-24 14:32:26] Manual Backup: C:/Users/Dell/Desktop/xyz\Screenshot (130).png
[2025-08-24 14:32:29] Manual Backup: C:/Users/Dell/Desktop/xyz\Screenshot (2).png
[2025-08-24 14:32:31] Manual Backup: C:/Users/Dell/Desktop/xyz\Screenshot (5).png
[2025-08-24 14:32:34] Manual Backup: C:/Users/Dell/Desktop/xyz\Screenshot (6).png
[2025-08-24 14:32:37] Manual Backup: C:/Users/Dell/Desktop/xyz\Screenshot (7).png
[2025-08-24 14:32:38] Startup Enabled: Realtime backup will run on Windows startup.
[2025-08-24 14:32:41] Realtime Backup: Monitoring 1 folder(s) for new/modified files...
[2025-08-24 14:34:46] Realtime Backup: Monitoring 1 folder(s)...
[2025-08-24 15:03:58] Manual Backup: C:/Users/Dell/Desktop/xyz\5940726_3038741-1.jpg
[2025-08-24 15:04:03] Manual Backup: C:/Users/Dell/Desktop/xyz\cybersecurity-abstract-image.png
[2025-08-24 15:04:05] Manual Backup: C:/Users/Dell/Desktop/xyz\logo.png
[2025-08-24 15:04:08] Manual Backup: C:/Users/Dell/Desktop/xyz\Screenshot (1).png
[2025-08-24 15:04:11] Manual Backup: C:/Users/Dell/Desktop/xyz\Screenshot (129).png
[2025-08-24 15:04:14] Manual Backup: C:/Users/Dell/Desktop/xyz\Screenshot (130).png
[2025-08-24 15:04:17] Manual Backup: C:/Users/Dell/Desktop/xyz\Screenshot (131).png
[2025-08-24 15:04:20] Manual Backup: C:/Users/Dell/Desktop/xyz\Screenshot (2).png
[2025-08-24 15:04:22] Manual Backup: C:/Users/Dell/Desktop/xyz\Screenshot (5).png
[2025-08-24 15:04:25] Manual Backup: C:/Users/Dell/Desktop/xyz\Screenshot (6).png
[2025-08-24 15:04:28] Manual Backup: C:/Users/Dell/Desktop/xyz\Screenshot (7).png
[2025-08-24 15:04:28] Startup Enabled: Realtime backup will run on Windows startup.
[2025-08-24 15:04:31] Realtime Backup: Monitoring 1 folder(s) for new/modified files...
[2025-08-24 15:05:59] Realtime Backup: Monitoring 1 folder(s)...
[2025-08-24 15:49:36] Realtime Backup: Monitoring 1 folder(s)...
[2025-08-24 15:52:51] Realtime Backup: Monitoring 1 folder(s)...
[2025-08-24 21:01:33] Realtime Backup: Monitoring 1 folder(s)...
[2025-08-25 14:41:04] Manual Backup: E:/Abdul Samad CV/WhatsApp Image 2025-04-16 at 20.17.30_2cbc0aba.jpg
[2025-08-26 12:28:01] Manual Backup: C:/Users/Admin/Pictures/Screenshots/Screenshot (5).png
[2025-08-26 12:28:42] Manual Backup: C:/Users/Admin/Pictures/Screenshots/Screenshot (3).png
[2025-08-26 20:50:18] Realtime Backup: Monitoring 1 folder(s)...
[2025-08-27 15:50:47] Manual Backup: C:/Users/Admin/Pictures/Screenshots/Screenshot (8).png
[2025-08-29 11:12:06] Realtime Backup: Monitoring 1 folder(s)...
