2025-03-16 17:16:57,627 - INFO - Scan Result: Threat detected: Eicar-Signature
2025-03-16 17:22:10,370 - INFO - Scan Result: Threat detected: Eicar-Signature
2025-03-17 14:36:32,099 - INFO - Backup started to C:/Users/Dell/Documents
2025-03-17 14:37:08,525 - INFO - Scan Result: Error during scanning: Error 10061 connecting 127.0.0.1:3310. No connection could be made because the target machine actively refused it.
2025-03-17 14:37:36,697 - INFO - Scan Result: Error during scanning: Error 10061 connecting 127.0.0.1:3310. No connection could be made because the target machine actively refused it.
2025-03-17 15:22:59,726 - INFO - Scan Result: Threat detected: Eicar-Signature
2025-03-17 15:34:27,750 - INFO - Scan Result: Threat detected: Eicar-Signature
2025-03-17 15:35:28,421 - INFO - Scan Result: No threat detected.
2025-03-17 15:36:04,653 - INFO - Scan Result: Threat detected: Eicar-Signature
2025-03-17 15:37:08,577 - INFO - Scan Result: No threat detected.
2025-03-17 15:42:16,340 - INFO - Scan Result: No threat detected.
2025-03-17 15:42:40,544 - INFO - Scan Result: No threat detected.
2025-03-17 15:42:56,578 - INFO - Scan Result: Threat detected: Eicar-Signature
2025-03-17 15:44:33,939 - INFO - Backup started to C:/Users
2025-03-18 11:11:11,684 - INFO - Scan Result: Error during scanning: Error 10061 connecting 127.0.0.1:3310. No connection could be made because the target machine actively refused it.
2025-03-18 11:11:32,936 - INFO - Scan Result: Error during scanning: Error 10061 connecting 127.0.0.1:3310. No connection could be made because the target machine actively refused it.
2025-03-18 11:24:00,235 - INFO - Scan Result: No threat detected.
2025-03-18 11:24:16,130 - INFO - Scan Result: No threat detected.
2025-03-18 11:24:41,828 - INFO - Scan Result: No threat detected.
2025-03-18 11:27:25,842 - INFO - Scan Result: Threat detected: Eicar-Signature
2025-03-18 11:31:33,331 - INFO - Scan Result: No threat detected.
2025-03-18 11:32:46,075 - INFO - Scan Result: Threat detected: Eicar-Signature
2025-03-18 11:32:56,265 - INFO - Threat file deleted: C:\Users\Dell\Desktop\test_folder\eicar.com
2025-03-18 11:46:38,882 - INFO - Scan Result: Error during scanning: Error 10061 connecting 127.0.0.1:3310. No connection could be made because the target machine actively refused it.
2025-03-18 11:50:42,685 - INFO - Scan Result: Error during scanning: Error 10061 connecting 127.0.0.1:3310. No connection could be made because the target machine actively refused it.
2025-03-23 15:06:31,737 - INFO - Scan Result: Threat detected: Eicar-Signature
2025-03-23 15:06:55,756 - INFO - Backup completed: C:/Users/Dell/Pictures/Screenshots -> C:\Users\Dell\Desktop\backup\Screenshots
2025-03-24 10:27:42,341 - INFO - Scan Result: No threat detected.
2025-03-24 10:30:37,212 - INFO - Scan Result: Threat detected: Eicar-Signature
2025-03-24 10:31:06,003 - ERROR - Error deleting file: [WinError 2] The system cannot find the file specified: 'C:\\Users\\Dell\\Desktop\\test_folder\\eicar.com'
2025-03-24 10:32:13,535 - INFO - Backup completed: C:/Users/Dell/Downloads/Music -> C:\Users\Dell\Desktop\backup\Music
2025-03-24 10:33:16,947 - INFO - Scan Result: Threat detected: Eicar-Signature
2025-03-24 10:33:26,188 - INFO - Threat file deleted: C:\Users\Dell\Desktop\test_folder\eicar.com
2025-03-24 10:33:42,709 - INFO - Scan Result: No threat detected.
2025-03-24 11:15:39,922 - INFO - Scan Result: Threat detected: Eicar-Signature
2025-03-24 11:15:59,905 - INFO - Scan Result: Threat detected: Eicar-Signature
2025-03-24 11:16:45,365 - INFO - Scan Result: Threat detected: Eicar-Signature
2025-03-24 11:16:51,390 - INFO - Threat file deleted: C:\Users\Dell\Desktop\test_folder\eicar.com
2025-03-24 11:19:43,105 - INFO - Backup completed: C:/Users/Dell/Desktop/book -> C:\Users\Dell\Desktop\backup\book
2025-08-25 12:48:47,537 - WARNING - Logo file not found at D:/AntiRansomware Project/logo.png
